167
2 197 258
2 315 61
2 482 249
2 322 48
2 156 231
2 33 324
2 12 113
2 414 475
2 141 166
2 155 47
2 385 300
2 193 334
2 256 320
2 326 433
2 421 387
2 352 20
2 165 430
2 299 15
2 330 288
2 21 181
2 252 149
2 190 162
2 492 311
2 358 60
2 7 34
2 333 117
2 93 203
2 441 218
2 196 230
2 420 235
2 286 99
2 279 214
2 423 276
2 28 278
2 369 283
2 35 302
2 306 90
2 97 65
2 189 108
2 266 410
2 298 199
2 52 221
2 454 294
2 212 463
2 213 158
2 495 175
2 111 486
2 14 422
2 1 424
2 17 225
2 462 392
2 64 371
2 264 0
2 484 437
2 329 319
2 180 170
2 429 310
2 412 443
2 240 72
2 154 120
2 219 11
2 123 73
2 86 353
2 261 405
4 350 337 451 376
4 452 473 498 499
4 182 147 301 472
4 234 6 273 360
4 210 439 434 263
4 455 18 38 8
4 187 438 208 236
4 397 292 5 409
4 277 445 431 367
4 3 356 448 159
4 419 139 188 91
4 19 271 105 351
4 362 497 268 121
4 396 348 201 55
4 163 192 242 328
4 394 89 31 364
4 449 407 403 177
4 400 442 336 444
4 23 388 427 345
4 375 27 391 467
4 71 474 24 459
4 460 384 453 447
4 274 399 13 160
4 10 285 284 304
4 295 307 289 198
4 116 81 78 70
4 79 76 200 332
4 80 66 138 69
4 136 341 164 114
4 204 339 359 112
4 361 347 207 363
4 115 129 365 217
4 59 54 377 373
4 379 56 372 50
4 128 390 378 174
4 172 233 109 151
4 226 152 104 395
4 45 107 46 106
4 401 44 101 237
4 425 411 244 41
4 432 40 245 124
4 254 36 100 251
4 29 247 446 32
4 26 185 450 259
4 267 25 95 22
4 461 92 132 269
4 153 186 16 468
4 144 119 195 280
4 282 494 490 110
4 325 148 184 130
4 327 232 146 68
4 331 161 134 67
4 122 335 140 338
4 340 238 239 342
4 343 344 103 346
4 241 191 349 63
4 243 135 62 355
4 354 150 58 357
4 57 246 248 194
4 102 118 366 142
3 143 368 253
3 370 167 255
3 168 374 53
3 257 98 169
3 260 380 381
3 383 382 96
3 386 51 127
3 262 389 202
3 94 265 393
3 171 250 49
3 205 270 398
3 206 272 173
3 402 404 406
3 275 133 408
3 209 126 211
3 176 43 413
3 415 416 418
3 42 417 281
3 145 39 215
3 216 426 178
3 428 88 37
3 287 87 179
3 435 290 436
3 291 85 293
3 440 131 30
3 296 220 297
3 84 82 83
3 125 222 303
3 223 305 224
3 157 456 457
3 458 308 309
3 183 227 312
3 464 465 466
3 313 314 469
3 470 471 77
3 317 316 137
3 476 477 478
3 479 481 480
3 9 228 483
3 485 75 487
3 488 489 321
3 491 4 493
3 323 74 496
