1628
4 5357 5121 8148 6404
4 421 5913 2589 5583
4 6255 8785 9906 3629
4 6584 3987 7710 7529
4 1737 5231 5796 9487
4 2094 4386 6735 8197
4 2584 8754 998 1756
4 2395 2861 59 6655
4 6312 7444 6632 7569
4 7923 8873 7704 9612
4 5515 7262 8452 7796
4 5905 398 2489 8407
4 6459 604 820 9004
4 1729 7064 7549 8603
4 1248 8733 8189 9354
4 5886 8437 9529 4848
4 6839 4449 5744 1524
4 9213 4318 4574 8479
4 9483 6823 4233 3626
4 4100 9620 7108 5416
4 3904 1287 6476 9383
4 2545 5427 4004 9131
4 847 1396 3697 973
4 4041 370 2061 6668
4 7792 3015 2155 9247
4 3135 4631 4863 4644
4 5363 2752 2222 2843
4 1492 9618 2687 7168
4 44 5570 453 1561
4 9765 8284 461 1423
4 2117 8775 7100 3505
4 4036 8854 3273 1385
4 2932 8287 3295 5616
4 8004 6640 3715 8591
4 2345 5918 2096 6639
4 9813 674 3420 7936
4 666 2935 2598 6762
4 1677 5090 1556 2331
4 1114 3825 5251 4695
4 6756 8384 1081 5001
4 9959 5592 4147 8689
4 9818 5989 6196 948
4 8119 1388 864 7525
4 9888 5526 8911 683
4 4106 6613 9128 5083
4 3149 7369 8320 3942
4 936 5052 4194 8777
4 2459 4670 5211 8585
4 132 2819 2246 4473
4 3484 7863 2968 7577
4 7515 876 8814 8837
4 7819 962 8240 7939
4 7368 2723 752 110
4 7290 8991 7208 9256
4 2196 684 3176 7101
4 8636 3457 2728 7950
4 8392 4808 371 2212
4 5791 281 63 8641
4 9267 7259 5602 6240
4 2499 714 1101 4090
4 9894 5651 9019 2475
4 3656 1013 839 2064
4 3678 4916 3024 9614
4 5048 3765 7834 4405
4 7945 6170 2548 1115
4 1491 4961 5945 7198
4 1071 4685 7937 1004
4 2124 9965 3272 4579
4 3302 7104 3795 1233
4 9986 8152 384 7927
4 2141 9295 6677 2008
4 5042 3647 7135 4702
4 4430 6782 6495 5101
4 1734 5773 2070 1707
4 854 1164 336 8058
4 1214 2080 2115 8639
4 5046 4788 443 7540
4 7201 4917 4957 1341
4 2922 8063 7825 7896
4 5653 976 3499 7961
4 5214 7409 7202 2558
4 6702 49 6176 4509
4 4964 6381 4886 1146
4 1830 7313 82 9307
4 9568 5295 4983 3463
4 5772 818 7757 3047
4 3792 8612 4874 6107
4 7595 3607 2727 5982
4 4135 2274 3940 6252
4 5713 3096 9305 2964
4 1353 3896 636 8338
4 3228 2228 8608 5310
4 3309 887 7543 7136
4 3566 1210 3293 7516
4 8485 7305 4406 1851
4 4925 9433 8745 4322
4 6550 1203 4240 8322
4 6168 9866 1988 71
4 7551 5625 4940 9129
4 6935 1955 1671 7145
4 1812 9527 7 47
4 9795 4141 8116 5383
4 4185 4131 5219 594
4 1322 1450 7326 7579
4 8465 2456 3437 3114
4 7359 4167 3142 8851
4 4637 9552 1094 766
4 9 1713 3042 5006
4 4235 1742 2259 1934
4 5652 532 9539 7583
4 4655 7231 9525 5494
4 5873 4074 9690 2686
4 8803 3686 3844 8553
4 7715 2481 9263 2962
4 3072 4657 4561 1050
4 727 1895 4475 8250
4 723 4102 7083 7447
4 3357 6957 4112 4847
4 6129 62 9917 9235
4 8387 7196 2736 2293
4 7088 9532 2982 2759
4 8332 4374 954 3196
4 3519 1946 8736 9196
4 8375 7032 213 859
4 7308 8010 4320 9946
4 4076 7648 9063 1418
4 1724 1591 6547 5777
4 8193 8767 4619 2045
4 7725 3337 2342 2726
4 5163 6882 3689 2652
4 6611 5904 850 992
4 6178 2060 2340 4402
4 1568 2544 9106 4638
4 9119 3155 4490 8644
4 1621 6558 4995 4912
4 9966 3648 2642 3775
4 1433 5172 3672 3170
4 5729 8626 9344 2749
4 120 201 586 7451
4 2085 9576 7494 9747
4 3542 6038 3781 2828
4 7851 5686 6913 3257
4 6567 6534 3757 8478
4 6571 8601 8138 5931
4 7545 774 7643 7464
4 4550 5156 7148 8397
4 3593 4139 2628 7814
4 1763 403 2870 8186
4 2323 3889 9542 4150
4 9302 4058 676 2862
4 3112 7862 3475 3376
4 4244 8997 6537 9151
4 6134 328 2300 58
4 2795 8865 9559 4959
4 18 8187 9713 7079
4 2213 2036 2308 8242
4 1383 5081 9275 8267
4 8233 2814 6467 4044
4 3840 5366 8115 3869
4 7316 6927 4390 3451
4 8259 9900 7166 4480
4 1711 3708 6147 6171
4 9528 446 7445 5845
4 8506 7673 2123 7703
4 5609 778 1160 9243
4 8079 2305 8616 1049
4 9320 11 8849 1936
4 3583 9873 3842 5540
4 8094 1839 3526 2243
4 2160 5096 2267 654
4 8430 3126 2313 6050
4 9605 245 4837 1552
4 6359 8167 8101 3913
4 1509 1136 7944 6123
4 2985 2023 9514 333
4 7267 4284 5324 3950
4 7953 5359 2944 5854
4 7385 9374 7726 8509
4 5136 9921 8036 4551
4 6777 4902 687 6300
4 6580 2535 2920 2282
4 8367 7522 373 706
4 7008 8286 1231 7466
4 4498 6842 1767 3745
4 3106 3618 9784 3899
4 7922 9289 5209 1845
4 3253 2817 1427 6481
4 6060 9856 3632 2203
4 65 9340 6989 177
4 5665 2674 8348 4690
4 7026 9722 6985 463
4 9732 2994 9942 5600
4 9283 7756 8701 1359
4 5622 593 8563 3002
4 8026 7920 2718 7700
4 4965 4151 3083 780
4 8346 1096 2572 4516
4 5919 9111 1996 2941
4 6638 1357 8047 1817
4 7212 8834 9691 9649
4 3229 7050 6313 6582
4 8697 6329 8721 745
4 2619 8253 2364 1085
4 9778 522 9252 1336
4 3485 9366 7209 2571
4 1372 9443 4137 4582
4 9779 2009 6316 5962
4 103 3356 4352 2112
4 565 8839 1861 8477
4 6602 251 4351 6363
4 3368 2647 6477 4951
4 9751 717 709 8811
4 2802 67 6426 6994
4 9154 9123 5891 257
4 7119 5793 7629 2905
4 5909 9365 8199 2351
4 6 3443 3089 645
4 8751 1340 4259 2536
4 171 7671 5492 8614
4 214 9124 1202 1510
4 7330 6415 3379 1976
4 332 7981 2095 3496
4 4884 9325 1344 2162
4 4477 7911 1787 7489
4 4134 9546 8947 9629
4 5593 60 4357 9806
4 9585 1701 3308 5239
4 4293 4867 4557 9968
4 3214 3062 9363 8163
4 1820 188 6666 5544
4 8529 5330 8923 2957
4 9930 9511 8200 750
4 877 1001 6914 8003
4 5733 8835 4222 8501
4 5244 5149 9974 1740
4 7934 5332 5236 7057
4 1717 1505 5518 7391
4 4711 6956 6297 5991
4 321 8658 1975 8779
4 9545 7613 4977 1564
4 1351 2575 6342 4727
4 924 1883 7677 3730
4 9166 1364 8651 1800
4 4331 2776 296 1965
4 4696 8431 7415 6188
4 5758 5529 2245 7153
4 9962 3750 7344 8040
4 1249 5970 7439 4572
4 1522 9419 9426 8915
4 3120 8990 1747 7210
4 7647 9550 4161 2509
4 5808 4717 8449 5131
4 791 3473 6738 5488
4 4415 5028 3579 7972
4 8056 8168 2573 8579
4 1743 7824 8418 5074
4 7699 5683 767 2265
4 5835 3655 1714 6042
4 5728 2043 6616 96
4 6627 9397 902 55
4 9341 1673 7250 6273
4 9271 1200 301 6419
4 3087 8470 9569 1061
4 8866 264 5720 3830
4 8607 1889 3845 773
4 631 8548 1523 197
4 6144 1178 3834 7524
4 9853 9626 6742 385
4 9797 8625 797 4870
4 9566 3223 2952 5155
4 3306 2809 6410 6309
4 2089 1636 8702 8487
4 6226 3167 5553 9048
4 6377 3137 9572 6336
4 4367 1508 407 2055
4 8132 7436 8659 6192
4 4960 8183 5864 1810
4 9250 3978 7155 5375
4 730 1476 2612 4600
4 3905 3557 3271 1948
4 7748 3673 4079 5610
4 4649 7567 3791 8671
4 3870 278 6384 1998
4 875 4043 9689 2486
4 9952 4524 6769 1228
4 6058 9718 8940 6747
4 8707 9843 5308 3001
4 6028 9746 283 4861
4 6198 4200 2353 9871
4 9265 7253 3 1483
4 2912 1912 1429 6662
4 85 7302 5476 3944
4 3857 7443 9078 6010
4 3997 8172 5170 8297
4 432 8204 3367 4527
4 1140 4706 884 3278
4 7412 2000 8677 4532
4 7118 9507 915 1853
4 8453 4179 5203 1587
4 6578 9755 6981 263
4 6146 1040 4607 4469
4 836 7095 7103 2927
4 3028 6012 7880 5207
4 8442 8683 8670 1720
4 513 995 6320 3728
4 7978 3022 6110 3885
4 1378 7696 1821 6483
4 5849 9695 2585 6757
4 7319 464 7617 634
4 8722 7618 1224 3508
4 5803 7603 4565 8964
4 1253 3518 2877 4883
4 4617 3736 8929 7296
4 1037 3561 5197 3037
4 5174 6370 3877 9908
4 4474 8750 1681 1073
4 1542 4307 1708 7861
4 9359 4871 8932 1117
4 8692 5785 7759 2939
4 6498 9464 6444 1684
4 3248 3362 9599 5902
4 8524 1526 4439 3375
4 137 8895 1116 1923
4 1484 4786 2627 2937
4 559 7536 7870 1571
4 4038 1152 5278 520
4 8874 6296 8328 1154
4 2488 6367 4521 3892
4 2798 7678 5462 4361
4 8956 5823 8637 8466
4 9880 3853 7178 3511
4 9197 3107 4292 4975
4 9849 2592 916 3055
4 5341 7823 5547 3544
4 6231 7041 56 1833
4 970 172 9769 9961
4 1261 6656 5839 1712
4 5941 6605 7463 174
4 4668 9907 5705 2600
4 6577 4946 17 2566
4 9425 1726 7255 6965
4 5441 6220 5998 7238
4 1361 9984 5378 5503
4 2185 6938 8527 2368
4 846 6389 10 7130
4 760 5548 6715 8516
4 9014 3769 7363 529
4 3050 9350 5250 7215
4 145 3746 297 3969
4 451 5563 2106 4604
4 3516 4663 5446 1430
4 5151 844 688 8931
4 7740 1570 1234 8363
4 9092 738 3134 208
4 1765 4731 9168 525
4 1601 6856 923 8714
4 1122 2716 5579 5649
4 9895 556 6364 9597
4 912 6752 5118 7218
4 6583 5271 1827 9741
4 2165 6526 1487 6205
4 5325 1197 2766 3540
4 7149 7624 4093 3104
4 139 164 926 6266
4 8239 6133 6540 1963
4 8673 9214 7778 9161
4 9121 117 7518 9450
4 6396 2221 2007 2649
4 4491 8081 9182 2407
4 5007 1648 2295 5017
4 3258 7558 4990 8833
4 5013 5948 5574 211
4 1589 8059 8161 7839
4 6451 7499 4230 2484
4 8044 5627 9594 9246
4 4627 8824 5899 2804
4 9390 2309 5056 7152
4 2879 8650 6052 628
4 3674 8293 7346 6149
4 5875 3691 7692 2848
4 480 7983 642 8617
4 2127 4126 7204 1010
4 6680 9135 87 2590
4 8198 9490 6721 3276
4 7318 6623 1015 2555
4 656 3029 9719 7278
4 3932 2836 6102 6645
4 8247 8609 6157 1825
4 9588 3828 8305 2811
4 5879 7752 7151 3608
4 1876 2125 6215 7954
4 8653 9580 9414 8606
4 900 597 289 1847
4 4555 6731 6036 9776
4 9471 178 2872 4650
4 3973 1735 6256 1943
4 9286 1866 28 2516
4 206 3239 4859 3480
4 6193 5487 1620 3692
4 1856 7375 2538 5513
4 3677 1464 4671 1393
4 9852 5824 6350 931
4 8652 6685 1311 9499
4 4170 8578 2226 3891
4 1056 1159 9382 5815
4 8134 1819 6531 590
4 6703 1632 834 9276
4 3527 2999 2697 6111
4 4522 4573 8258 3808
4 1205 3092 7764 7888
4 8434 5058 5981 1129
4 6152 5559 3132 4496
4 6741 4792 6984 1877
4 151 6443 5061 8537
4 6206 2732 8468 1718
4 4054 307 1994 7475
4 8342 3895 124 5094
4 9407 9238 1260 7875
4 9637 142 236 4933
4 7105 8684 3573 6053
4 53 1874 589 1888
4 9241 290 8967 1562
4 6228 2705 4725 1642
4 2190 9799 7734 7512
4 7542 7413 7777 4814
4 2428 9165 4611 6306
4 4055 3980 4997 4857
4 9675 7610 4865 2091
4 9730 1884 4661 9326
4 5418 1704 7884 9748
4 5371 6932 9602 7219
4 4592 6676 253 9714
4 9864 4442 5710 7361
4 9530 8032 4692 6628
4 9761 7993 4091 9376
4 4989 2490 6651 8035
4 4774 4703 8907 3297
4 4636 7406 5644 2241
4 6155 6849 2020 2765
4 1445 4066 3558 1837
4 4716 4363 7659 5517
4 4875 7286 5794 735
4 362 5044 3924 4381
4 5235 1282 540 3912
4 9523 4506 2854 648
4 4926 6557 3654 3802
4 7526 6827 2887 6326
4 8176 2254 1440 3839
4 9976 7662 7841 7090
4 4771 2565 8123 1595
4 5020 3945 5035 9896
4 7003 4187 9016 3531
4 7594 6365 1023 4904
4 3553 6733 6380 9922
4 2461 7074 4410 898
4 2400 9650 6794 4656
4 4089 534 3498 8423
4 8241 5671 6976 5916
4 1598 7733 8333 6366
4 7382 4773 1339 7037
4 6673 2806 4064 2081
4 5530 358 4559 3567
4 6289 5389 2006 1467
4 5474 5205 3422 9453
4 1332 8597 6436 7432
4 1406 1533 7356 9220
4 4412 9368 2320 1723
4 2457 5355 960 147
4 3760 8861 7374 5336
4 7683 1471 2375 6076
4 6800 210 7914 4879
4 9456 9988 5898 6988
4 8432 9848 3906 6361
4 2783 6857 489 8019
4 2907 689 404 33
4 1584 5178 6490 4495
4 6514 4375 4478 1422
4 8938 8715 622 8889
4 5457 7821 9468 6778
4 9879 5489 146 4720
4 3718 3323 8648 2462
4 4639 8376 909 1609
4 2381 7785 3704 5086
4 2389 7534 4011 7419
4 4766 7426 6528 9043
4 5551 5633 3145 5856
4 7818 8898 7768 8153
4 9561 7943 9361 6784
4 3617 9684 2874 737
4 7249 2398 3244 7310
4 3582 2401 9726 4452
4 1021 7530 6340 8150
4 9072 9192 8894 7592
4 8043 7230 3882 5869
4 3914 6016 2260 7175
4 8299 396 8845 8823
4 4057 3595 4026 9703
4 1529 1512 8954 3983
4 6870 3299 2129 4953
4 150 7917 5901 6585
4 3559 6208 3153 5776
4 635 5255 8425 5467
4 1922 1930 9631 3352
4 5920 9143 9971 5461
4 9122 5085 835 6202
4 3371 5380 39 5865
4 8325 7990 9429 7013
4 1952 198 3985 3966
4 1090 7116 5832 9222
4 8712 6834 8679 4823
4 3749 6466 8746 7770
4 7454 4202 4907 947
4 3339 4467 512 3188
4 1886 7966 8238 5522
4 2191 8682 7010 804
4 7956 9802 9062 5724
4 32 7596 9549 6649
4 3075 5531 9221 9183
4 5556 359 9734 4704
4 9091 3129 4124 1822
4 3136 5615 9667 1507
4 2134 7689 7480 7220
4 3564 9606 711 7221
4 5896 678 6724 149
4 1347 6421 2924 6700
4 2277 5908 4887 6184
4 3811 7809 9828 45
4 3428 9868 8519 4640
4 1761 3011 170 8276
4 7876 6873 4016 2167
4 1256 2707 7970 6574
4 2343 9173 300 1100
4 7731 6705 2148 6243
4 3322 4208 7186 8196
4 5756 8632 5566 3694
4 8263 849 5047 4465
4 6160 5451 6811 0
4 1382 4514 6264 7964
4 6446 5584 6203 313
4 3641 3991 471 5939
4 6248 9096 611 2024
4 2198 2278 9573 8562
4 8264 5164 6637 9459
4 3121 4708 8908 8752
4 2495 3020 2467 3724
4 5954 5277 6903 9752
4 4335 1908 8517 2672
4 1047 8027 6553 5166
4 4949 9978 6522 1174
4 2983 9996 6942 7386
4 7984 6726 6681 9583
4 1157 1199 7975 7424
4 8133 5657 4659 6015
4 6596 6659 9891 9987
4 3681 9299 1044 8711
4 5947 5860 9210 4992
4 1181 1179 9068 6648
4 2875 4215 5240 1569
4 8801 5040 9328 9038
4 7425 433 4340 3412
4 2367 6017 7727 9633
4 3818 5362 7384 1106
4 6112 2337 3127 3226
4 541 708 4511 3517
4 3203 562 5721 6022
4 1411 1593 5449 8222
4 2062 5836 7521 9836
4 6719 5536 4790 5763
4 8143 5173 7509 1381
4 3031 8160 1616 4286
4 1668 7500 1840 514
4 9721 2506 4456 3563
4 6246 8667 5813 3894
4 825 6478 2702 4419
4 2025 204 8202 8210
4 9486 4052 355 4206
4 8413 5157 6351 8696
4 2601 2296 889 8863
4 8864 5496 8828 1400
4 7555 1751 8139 8336
4 1768 6492 5730 608
4 968 6713 4958 8810
4 3105 4359 7877 5872
4 2159 6051 2120 6280
4 8876 3330 8031 7751
3 2437 465 5198
3 8977 2329 70
3 1012 6275 8006
3 4092 9920 1535
3 4742 4188 3596
3 9198 2033 6864
3 4858 3809 2954
3 530 9269 9935
3 1843 7633 3972
3 4801 1409 9995
3 4943 955 919
3 5368 234 3235
3 240 3004 9418
3 1321 6263 3657
3 7729 456 8919
3 2578 4228 1062
3 431 5082 9519
3 9768 8089 6960
3 9600 4000 5606
3 5751 9716 8454
3 7614 3926 1640
3 8215 430 270
3 131 7397 9187
3 6576 7924 2661
3 3311 2746 9028
3 500 6964 620
3 9767 2762 9699
3 9332 6097 97
3 6008 4046 3939
3 2193 2604 9446
3 978 1939 7995
3 2786 1750 9201
3 5208 2949 1330
3 9656 6161 6698
3 8447 8137 4301
3 673 439 372
3 9086 6890 1036
3 1980 1744 2632
3 9584 9431 4796
3 6003 5986 8401
3 3956 6761 9538
3 4534 136 1519
3 2977 7407 2072
3 8822 5191 1796
3 7170 2713 6824
3 1259 8180 7663
3 3212 2102 6844
3 9398 7991 9944
3 4798 5482 1475
3 6835 3590 4221
3 885 2772 2694
3 2074 7457 6565
3 4942 1961 5245
3 2514 8568 2595
3 2399 8252 3280
3 6137 956 8326
3 1649 183 4104
3 1318 6352 6197
3 3370 3060 24
3 8435 9075 7881
3 8383 9083 9413
3 7895 86 1694
3 4635 6450 5732
3 1279 4238 3793
3 4777 6887 6121
3 7800 8037 7674
3 8859 37 2207
3 3344 5752 9855
3 6809 5994 6463
3 4502 6302 7554
3 4387 5666 2891
3 2881 4783 1546
3 3822 2297 4839
3 457 9036 7586
3 3543 1755 7362
3 5168 7471 4595
3 756 7461 1538
3 7812 1983 6972
3 2953 5897 602
3 8900 6959 4400
3 4248 3364 6963
3 8314 7410 458
3 4358 7320 9009
3 335 7724 4434
3 7357 9047 8815
3 487 9137 2903
3 8930 2210 7094
3 2596 2608 7387
3 6915 9035 9094
3 6311 3052 4596
3 2144 3951 8353
3 4116 7206 4399
3 8093 8766 5024
3 2028 221 2741
3 3347 801 2149
3 6471 3141 9578
3 3021 6353 3875
3 6506 2610 9564
3 1536 1371 9114
3 2785 4339 6332
3 9838 4994 2956
3 462 392 4504
3 5066 4069 9215
3 3789 6448 8486
3 1161 1678 2837
3 6127 9659 7850
3 3651 6818 7078
3 2892 1688 7889
3 2859 6925 6232
3 9820 5233 5628
3 8663 802 7602
3 2412 3887 40
3 4877 4736 6175
3 2469 5181 4982
3 725 9709 6148
3 168 5106 4291
3 8438 2059 1453
3 31 9651 8737
3 1778 1009 7557
3 8543 8028 9394
3 4688 9993 2683
3 6229 7694 7632
3 502 842 7859
3 4097 6328 7959
3 2685 840 644
3 1426 2307 3318
3 8426 4549 2101
3 6944 9540 402
3 3012 8022 5125
3 511 2169 739
3 5817 4488 325
3 1959 1220 393
3 9678 6699 8576
3 5128 9015 615
3 9595 6725 152
3 9223 7960 639
3 2950 1869 78
3 3841 343 1043
3 613 7395 4787
3 4689 4567 8804
3 5959 5631 9489
3 7742 34 5719
3 7423 229 6473
3 6034 5558 9227
3 8950 2388 5676
3 7971 4099 7803
3 8643 848 8256
3 8903 68 4031
3 6746 793 6315
3 5190 3743 5422
3 9957 5882 4880
3 1807 726 2472
3 7631 3903 7697
3 1979 1165 1377
3 4855 7994 3679
3 8097 3123 6952
3 953 3555 413
3 7532 5881 7314
3 2242 1892 1080
3 4826 20 1270
3 640 7430 4723
3 305 3698 4969
3 3515 9887 1167
3 5850 5731 13
3 252 467 5443
3 6005 6452 6225
3 5212 7176 6922
3 7581 9892 4047
3 7132 2304 2164
3 579 8398 7666
3 1502 3396 8571
3 477 6357 9475
3 8629 9274 2215
3 5951 4298 153
3 2137 860 4811
3 6291 1590 2669
3 76 3509 5863
3 2002 4451 7826
3 6674 5950 6095
3 4750 9280 4078
3 2929 6563 6046
3 346 4173 3621
3 57 7496 6479
3 4155 2898 740
3 3665 7036 6189
3 2232 1369 649
3 4267 9524 8212
3 2527 2432 2358
3 1549 9337 4922
3 5161 4245 395
3 4679 414 193
3 4246 4279 7713
3 2019 293 3246
3 1953 7906 3233
3 2629 3581 7951
3 1586 937 3902
3 4554 7565 5829
3 949 9065 5146
3 3761 5346 4662
3 3146 9830 3449
3 6210 8986 1276
3 8456 1416 7024
3 7252 6104 6544
3 2799 6740 5026
3 9526 83 8821
3 4314 4311 9157
3 7804 4249 3261
3 1504 8206 2533
3 5895 868 3482
3 1286 4030 2531
3 2634 6244 1084
3 1194 1650 568
3 2751 9313 2824
3 4747 3838 3504
3 7194 554 8229
3 3161 7813 9234
3 5387 2529 9294
3 23 3431 4537
3 1793 16 9543
3 444 2668 7197
3 7653 7743 6270
3 6630 3748 8675
3 9105 3806 3263
3 8498 3773 5200
3 2303 4653 4856
3 1516 4328 5714
3 1032 982 2047
3 4501 7236 4398
3 7490 9458 6258
3 7018 3930 6294
3 4767 9488 1250
3 1532 7963 4176
3 9333 5401 8277
3 1118 9810 5672
3 9635 1527 6664
3 8440 8965 3174
3 3911 7559 9692
3 3332 9496 675
3 1031 4841 9958
3 1514 4914 4892
3 4578 8201 5237
3 4623 1891 6828
3 1296 6245 8952
3 8355 8642 6920
3 9680 2442 1452
3 7150 1986 6612
3 9551 1027 9085
3 3125 4001 1201
3 3316 9251 2143
3 1606 9260 5834
3 8729 4935 3824
3 6494 6510 5199
3 6852 8179 6744
3 3513 1618 2422
3 5980 6822 3880
3 9711 4713 8727
3 2712 8289 2671
3 5059 5373 6569
3 6430 6693 6962
3 8654 499 2264
3 5769 9858 4605
3 5175 3747 5641
3 4164 4898 365
3 8177 4144 9002
3 5043 8067 9022
3 225 4447 3099
3 8918 858 9149
3 4775 7622 3407
3 7761 7957 8897
3 459 8235 6093
3 2328 7418 7237
3 8808 5400 115
3 4407 4095 30
3 8981 5097 9272
3 8593 3147 9655
3 6604 7828 2335
3 3570 7849 3547
3 1951 185 6600
3 6846 6130 1058
3 7600 123 9624
3 9181 1806 9985
3 1898 9611 6118
3 3274 8567 2402
3 8382 4562 2570
3 2946 6590 7721
3 5831 8978 6002
3 4482 1978 8756
3 6851 2235 1865
3 1669 4558 6126
3 3355 576 6398
3 5098 1110 1132
3 7190 8472 7048
3 6766 94 8108
3 9073 6323 5471
3 6727 6899 4156
3 2205 7273 5442
3 8393 7616 8753
3 8388 6993 7085
3 2220 6090 4840
3 4197 6669 9927
3 7899 6078 7315
3 6472 2046 1639
3 4325 4546 7665
3 8340 8806 5077
3 7247 2240 2466
3 7127 7868 473
3 5944 7634 2333
3 4694 896 9771
3 9859 2591 6304
3 5041 3587 3078
3 8734 3615 9338
3 1835 3883 6524
3 8372 7329 5019
3 9745 8572 6223
3 7805 5505 4489
3 7693 8129 5812
3 9613 1754 2582
3 6711 2105 160
3 4804 8640 1288
3 3506 6774 1266
3 1848 4564 2911
3 899 7460 2294
3 516 5323 2216
3 1271 1774 1192
3 1137 5189 4172
3 2549 9877 9603
3 3324 6739 6671
3 6697 5621 22
3 101 3664 6560
3 9013 5460 1849
3 1212 5140 9003
3 7815 419 8573
3 5702 7275 2234
3 6356 5800 9948
3 5613 6990 143
3 3884 3265 5276
3 3878 1313 2730
3 8021 7121 3281
3 2199 8996 4746
3 3038 8994 3933
3 2754 1653 2237
3 4308 9134 2136
3 6803 3439 4312
3 7491 8773 3578
3 3097 3402 7123
3 1086 1699 906
3 5397 4255 2390
3 5134 417 2453
3 7931 7686 9679
3 6064 753 558
3 4217 2781 9261
3 5268 9744 3849
3 9029 6063 4918
3 5171 2793 6581
3 4394 8716 1461
3 9844 8084 381
3 2417 6636 3873
3 5234 1480 4136
3 550 6023 5598
3 3782 6035 6414
3 1170 4818 9194
3 9008 5903 4196
3 9230 2016 6831
3 796 2852 5426
3 1488 8411 2289
3 5523 4599 1127
3 7510 1656 6595
3 6096 472 2268
3 2775 1093 2444
3 2406 1624 5246
3 5253 2621 2951
3 159 4678 9759
3 8789 6520 7117
3 7786 8759 7233
3 9901 8793 3888
3 8316 4613 8464
3 3381 828 8049
3 8166 3817 1172
3 6132 1783 6261
3 7400 845 219
3 8539 4630 3131
3 3334 3491 1985
3 6373 1627 1665
3 8633 3965 3262
3 279 5736 3783
3 6953 3442 1814
3 1404 2068 4094
3 6529 7684 8618
3 6432 7903 133
3 7309 2731 6227
3 3300 7788 5770
3 4910 893 1867
3 6517 217 8987
3 2281 5577 5972
3 2334 1221 4932
3 7501 2750 3312
3 2554 5586 5313
3 2711 1836 218
3 1801 2065 8165
3 5391 5398 610
3 7925 7969 4193
3 9575 6180 9535
3 5917 4088 4479
3 9502 3744 1781
3 9534 2987 5966
3 3721 2722 1208
3 4487 3401 1646
3 5132 7388 3584
3 6586 6417 3862
3 1184 6812 1904
3 7675 3539 5064
3 5370 990 7898
3 7110 1899 7371
3 4894 8665 669
3 7980 5104 651
3 3927 401 9200
3 8694 3124 9660
3 3445 9770 9882
3 2464 4544 934
3 9941 7695 3929
3 545 3076 4428
3 3216 5481 2947
3 2376 3411 2184
3 7672 9754 1638
3 89 7502 3947
3 1292 9846 3085
3 7065 7289 2326
3 5594 4538 4981
3 4529 9356 8638
3 4669 5599 1716
3 7664 3424 7043
3 2087 2173 6770
3 8584 5345 292
3 3807 1130 249
3 5511 8525 9209
3 4628 1928 8842
3 977 8268 827
3 1935 3521 3017
3 7907 6405 771
3 1299 9156 8015
3 7902 2560 8934
3 757 6307 163
3 1469 144 1683
3 9089 6259 4163
3 6958 6068 7608
3 9140 6409 207
3 2990 5122 2480
3 6497 2835 1870
3 2567 7744 2463
3 1138 4833 9670
3 3580 2057 2022
3 2050 7177 3115
3 8732 6973 7096
3 1120 894 4646
3 930 2011 304
3 8273 6805 157
3 5804 3610 4149
3 241 3313 4842
3 4882 9785 7223
3 7134 7274 7553
3 618 1209 199
3 5429 4553 8776
3 3941 9860 288
3 7962 7014 691
3 6331 316 8853
3 7642 7544 7640
3 1331 8709 4948
3 6301 2179 2564
3 9152 728 643
3 9179 6897 3893
3 6425 9491 2227
3 7878 5192 865
3 8886 4337 3186
3 6541 8068 287
3 8502 3178 5514
3 3541 5725 4392
3 8298 8409 356
3 9225 7216 3753
3 862 3353 7163
3 7546 4789 9100
3 9367 4468 1971
3 5329 5578 6904
3 8645 7229 9710
3 5663 5182 6387
3 4714 1652 7298
3 5206 1958 5718
3 9647 6213 1227
3 9406 3006 4226
3 1574 2288 2418
3 4355 1277 7795
3 1841 8870 5060
3 6513 819 2805
3 8534 108 9863
3 7019 5550 9870
3 3798 9172 2841
3 8941 616 5254
3 5848 5952 7948
3 3536 6814 867
3 784 8141 5825
3 6087 9617 1495
3 186 5741 6796
3 7087 9885 1809
3 8740 425 3425
3 4598 2239 9329
3 2563 733 5534
3 4143 6629 5658
3 4634 2163 8310
3 3438 5612 4508
3 9232 5424 4693
3 6484 9553 5573
3 5510 800 7349
3 9582 3812 5611
3 2435 9570 2344
3 1376 1563 6620
3 4791 2689 1615
3 9423 8564 5958
3 347 9590 348
3 5771 378 3209
3 7091 2318 1661
3 1479 9158 2577
3 226 3208 769
3 7556 8103 3712
3 1700 2201 4290
3 6253 4906 3917
3 719 128 4986
3 9876 7799 7441
3 6125 7434 7365
3 9862 1685 383
3 189 8321 8309
3 7333 789 6748
3 4403 1403 4726
3 1099 4518 2152
3 9555 4939 7835
3 9346 8771 9314
3 1909 8086 415
3 1235 2586 2451
3 9205 1196 6692
3 7758 1949 6701
3 7580 1788 2012
2 9954 441
2 7541 4211
2 1131 7140
2 8347 1494
2 5183 7946
2 8493 633
2 2470 7060
2 4709 349
2 7459 9819
2 3213 6917
2 958 5316
2 5294 8064
2 8960 5409
2 8080 1180
2 1679 8379
2 6457 3949
2 703 1284
2 2550 9737
2 203 1119
2 1230 2382
2 8282 1868
2 3327 291
2 831 5148
2 863 9323
2 3860 5379
2 361 4996
2 3784 1188
2 5343 1799
2 2878 1993
2 6279 6456
2 2356 3859
2 8686 7479
2 782 405
2 5779 935
2 2035 7669
2 8726 280
2 4 2384
2 7507 2498
2 8406 6843
2 5694 1105
2 3821 9999
2 9372 509
2 1818 7965
2 4621 8875
2 388 1335
2 8412 7807
2 1732 3247
2 5410 2378
2 693 2483
2 258 3787
2 1611 1323
2 268 8784
2 8985 3394
2 227 7251
2 1135 4344
2 6233 7307
2 4330 922
2 2324 6085
2 8970 7753
2 5051 200
2 1133 5699
2 4950 1046
2 9663 8410
2 2789 8955
2 4254 1074
2 9102 4633
2 4632 4734
2 9807 6407
2 4664 1111
2 4675 2579
2 5833 8461
2 6500 9701
2 9724 5356
2 7667 9604
2 7791 3922
2 1987 662
2 9742 5977
2 1029 1553
2 318 2942
2 2311 2373
2 4979 4107
2 8523 6983
2 2386 9636
2 983 2405
2 2541 3292
2 4461 811
2 5844 6635
2 376 3386
2 8791 3389
2 8731 3639
2 9162 9186
2 491 2086
2 3827 7399
2 7092 2410
2 6158 8164
2 2508 9644
2 8374 6371
2 2676 9632
2 8491 173
2 6434 8602
2 4425 2715
2 741 5005
2 3199 3385
2 2030 5177
2 9533 4371
2 342 9557
2 5327 9148
2 7322 794
2 5413 9717
2 872 6242
2 3008 6647
2 621 4369
2 4273 8872
2 409 1918
2 9342 9773
2 3866 7340
2 4810 7627
2 8725 7706
2 3819 5187
2 7992 1534
2 6420 6254
2 2825 5266
2 1992 5885
2 8136 3756
2 2883 4978
2 9609 7820
2 1045 7228
2 7712 4220
2 4323 917
2 1439 5073
2 5210 69
2 1206 195
2 1969 5957
2 5643 3794
2 1554 1063
2 3935 3799
2 821 2934
2 1705 9282
2 1897 6678
2 8857 7069
2 4651 7636
2 1415 7832
2 9977 984
2 148 4435
2 5399 3225
2 2747 3267
2 1329 312
2 901 2503
2 6174 2873
2 605 2884
2 5979 1610
2 652 7408
2 1731 7547
2 7938 483
2 7243 2803
2 9362 7393
2 4032 6234
2 4807 4356
2 8728 9963
2 6480 5045
2 437 4214
2 7093 4260
2 3227 435
2 508 8758
2 7033 5361
2 8613 4535
2 9327 8879
2 7264 3466
2 2166 5470
2 3144 3620
2 3058 5853
2 7165 3474
2 4237 7736
2 7276 2172
2 5167 5265
2 4103 9159
2 5840 2427
2 5883 6499
2 4372 2425
2 6654 4860
2 7915 9787
2 8535 7793
2 8142 8507
2 5745 9011
2 8780 2500
2 6077 1305
2 7097 7172
2 2996 6901
2 1654 5508
2 9822 4224
2 5350 4758
2 3636 9775
2 5340 8570
2 8778 7416
2 8770 6675
2 987 2330
2 179 4822
2 8395 6841
2 9070 194
2 7588 8311
2 7639 3476
2 8786 4732
2 2769 1142
2 9415 2206
2 303 6853
2 8877 8144
2 3879 111
2 3984 7059
2 6187 9380
2 9749 209
2 8117 2556
2 3082 3530
2 2170 7789
2 4972 7427
2 118 4891
2 4890 184
2 596 3189
2 5067 4577
2 5279 8961
2 9264 9571
2 7883 8361
2 7856 8224
2 7942 192
2 8417 6128
2 482 478
2 9218 3044
2 1831 7578
2 4376 5557
2 1614 729
2 8038 3777
2 5107 8405
2 4175 7561
2 1728 8975
2 7098 6141
2 2520 9421
2 8114 9931
2 4285 4952
2 7086 6411
2 3716 3727
2 3717 6308
2 274 2512
2 9556 8244
2 3493 1517
2 4523 2974
2 2485 8135
2 121 8061
2 6614 5696
2 230 5906
2 5993 2771
2 908 5747
2 2812 7590
2 1695 7075
2 1972 6902
2 4724 8272
2 2808 6156
2 1485 7741
2 5983 9436
2 5483 6177
2 7847 2039
2 7045 781
2 6833 2098
2 6720 3685
2 4470 6937
2 5504 7187
2 7606 7483
2 4232 8075
2 4899 1625
2 8530 1350
2 7077 9793
2 9031 156
2 8462 8009
2 6682 1496
2 8002 6559
2 8220 5213
2 4699 2110
2 6545 6429
2 2827 7017
2 574 9126
2 5870 8045
2 2602 8880
2 424 5533
2 4845 833
2 8542 6607
2 507 1177
2 2532 3635
2 61 8110
2 8797 9736
2 8011 7730
2 4333 1283
2 311 1749
2 2272 5617
2 1937 6428
2 2271 8561
2 4098 7864
2 8500 6265
2 256 8698
2 1226 5727
2 2657 5304
2 4063 3059
2 7248 6971
2 4980 6026
2 4440 1696
2 866 5938
2 5262 2447
2 3108 3690
2 7550 7337
2 7533 4427
2 5783 9686
2 1634 9301
2 9357 1753
2 3307 5158
2 8494 1326
2 3053 5382
2 8868 7068
2 1984 7404
2 8556 2231
2 5260 1513
2 3023 8159
2 4588 1171
2 5377 795
2 1006 4876
2 682 1501
2 4913 2298
2 9498 4297
2 9457 1804
2 1917 428
2 4966 81
2 5023 8635
2 8924 7139
2 803 7138
2 3268 2252
2 1166 7292
2 7833 6075
2 9296 8441
2 7830 1703
2 6551 7682
2 5008 7367
2 9910 9007
2 7711 959
2 5480 5907
2 1622 6539
2 8850 3469
2 903 6293
2 4262 7030
2 4305 5754
2 8190 8473
2 7022 3993
2 9521 9932
2 7929 6998
2 406 538
2 1789 182
2 7514 8968
2 4591 8555
2 2310 2357
2 4770 1762
2 5472 2900
2 5585 3534
2 1932 7453
2 6098 3205
2 1275 5632
2 6237 7067
2 9823 7584
2 5910 3361
2 1307 6021
2 8592 3266
2 3846 2393
2 6412 6617
2 6257 2673
2 2583 1824
2 4851 2138
2 658 4060
2 3854 5693
2 7129 5010
2 7281 7688
2 6393 9577
2 7523 5926
2 4283 3963
2 4793 6859
2 2645 4843
2 7102 3286
2 4923 9044
2 6799 6533
2 3154 668
2 5281 3416
2 603 3705
2 6848 1149
2 6519 4048
2 4830 9698
2 4019 4453
2 5900 4893
2 25 9548
2 1191 1190
2 9042 6454
2 2899 9189
2 921 2026
2 5640 698
2 6040 3591
2 7985 9914
2 3994 1878
2 9861 3611
2 7071 4236
2 2546 9411
2 9311 5100
2 2928 7000
2 8001 3382
2 452 1770
2 4911 2385
2 6643 6222
2 224 7574
2 6961 7658
2 275 2664
2 5430 2961
2 8085 4571
2 9297 3810
2 3169 3523
2 1612 341
2 3803 8541
2 2709 6119
2 9972 659
2 6031 1775
2 7890 6195
2 3990 2153
2 972 5828
2 6509 8231
2 54 238
2 9229 9146
2 9059 886
2 9101 6862
2 1302 6923
2 3619 8000
2 6592 526
2 5809 2662
2 582 746
2 6334 2656
2 3696 8554
2 7852 7782
2 4691 3454
2 27 4009
2 5838 3719
2 9204 5538
2 8334 9554
2 2280 4821
2 6185 468
2 319 9270
2 6290 2038
2 8034 4209
2 6516 3413
2 9825 5386
2 1777 9933
2 5635 9720
2 2980 7488
2 6491 180
2 2525 1134
2 7504 7011
2 8109 1667
2 1873 6391
2 3156 6199
2 6850 6283
2 5549 999
2 9024 412
2 1316 3754
2 4525 6772
2 7261 8118
2 422 3645
2 4520 4987
2 5778 8318
2 4034 8546
2 7222 6792
2 9336 1308
2 2010 4556
2 379 8098
2 8344 5014
2 4132 5859
2 1087 2758
2 1237 3843
2 4581 5227
2 1880 4174
2 1725 8757
2 6163 9150
2 4705 9400
2 4252 8508
2 5697 2154
2 573 5257
2 5949 1664
2 3383 3643
2 5619 360
2 533 911
2 3546 9638
2 1964 4976
2 9321 986
2 7882 154
2 4062 5820
2 5049 1401
2 9833 2431
2 2733 3201
2 8511 5108
2 583 5342
2 9929 7921
2 4438 1290
2 5527 3628
2 7822 7042
2 1915 9164
2 5539 3340
2 7005 1374
